2026-02-22T01:20:58: [Grudge Voxel Server] Starting on port 3000...
2026-02-22T01:20:58: [Grudge Voxel Server] World seed: 42069
2026-02-22T01:20:58: [Grudge Voxel Server] Tick rate: 20 tps
2026-02-22T01:20:58: [Grudge Voxel Server] Ready! Listening on ws://localhost:3000
2026-02-22T01:21:11: [Server] Tick 200 | Players: 0 | Chunks: 0
2026-02-22T01:21:23: [Server] Tick 400 | Players: 0 | Chunks: 0
2026-02-22T01:21:35: [Server] Tick 600 | Players: 0 | Chunks: 0
2026-02-22T01:21:48: [Server] Tick 800 | Players: 0 | Chunks: 0
2026-02-22T01:22:00: [Server] Tick 1000 | Players: 0 | Chunks: 0
2026-02-22T01:22:12: [Server] Tick 1200 | Players: 0 | Chunks: 0
2026-02-22T01:22:25: [Server] Tick 1400 | Players: 0 | Chunks: 0
2026-02-22T01:22:37: [Server] Tick 1600 | Players: 0 | Chunks: 0
2026-02-22T01:22:50: [Server] Tick 1800 | Players: 0 | Chunks: 0
2026-02-22T01:23:02: [Server] Tick 2000 | Players: 0 | Chunks: 0
2026-02-22T01:23:14: [Server] Tick 2200 | Players: 0 | Chunks: 0
2026-02-22T01:23:27: [Server] Tick 2400 | Players: 0 | Chunks: 0
2026-02-22T01:23:39: [Server] Tick 2600 | Players: 0 | Chunks: 0
2026-02-22T01:23:51: [Server] Tick 2800 | Players: 0 | Chunks: 0
2026-02-22T01:24:04: [Server] Tick 3000 | Players: 0 | Chunks: 0
2026-02-22T01:24:16: [Server] Tick 3200 | Players: 0 | Chunks: 0
2026-02-22T01:24:28: [Server] Tick 3400 | Players: 0 | Chunks: 0
2026-02-22T01:24:41: [Server] Tick 3600 | Players: 0 | Chunks: 0
2026-02-22T01:24:53: [Server] Tick 3800 | Players: 0 | Chunks: 0
2026-02-22T01:25:06: [Server] Tick 4000 | Players: 0 | Chunks: 0
2026-02-22T01:25:18: [Server] Tick 4200 | Players: 0 | Chunks: 0
2026-02-22T01:25:30: [Server] Tick 4400 | Players: 0 | Chunks: 0
2026-02-22T01:25:43: [Server] Tick 4600 | Players: 0 | Chunks: 0
2026-02-22T01:25:55: [Server] Tick 4800 | Players: 0 | Chunks: 0
2026-02-22T01:26:07: [Server] Tick 5000 | Players: 0 | Chunks: 0
2026-02-22T01:26:20: [Server] Tick 5200 | Players: 0 | Chunks: 0
2026-02-22T01:26:32: [Server] Tick 5400 | Players: 0 | Chunks: 0
2026-02-22T01:26:44: [Server] Tick 5600 | Players: 0 | Chunks: 0
2026-02-22T01:26:57: [Server] Tick 5800 | Players: 0 | Chunks: 0
2026-02-22T01:27:09: [Server] Tick 6000 | Players: 0 | Chunks: 0
2026-02-22T01:27:21: [Server] Tick 6200 | Players: 0 | Chunks: 0
2026-02-22T01:27:34: [Server] Tick 6400 | Players: 0 | Chunks: 0
2026-02-22T01:27:46: [Server] Tick 6600 | Players: 0 | Chunks: 0
2026-02-22T01:27:58: [Server] Tick 6800 | Players: 0 | Chunks: 0
2026-02-22T01:28:10: [Server] Tick 7000 | Players: 0 | Chunks: 0
2026-02-22T01:28:23: [Server] Tick 7200 | Players: 0 | Chunks: 0
2026-02-22T01:28:35: [Server] Tick 7400 | Players: 0 | Chunks: 0
2026-02-22T01:28:47: [Server] Tick 7600 | Players: 0 | Chunks: 0
2026-02-22T01:29:00: [Server] Tick 7800 | Players: 0 | Chunks: 0
2026-02-22T01:29:12: [Server] Tick 8000 | Players: 0 | Chunks: 0
2026-02-22T01:29:24: [Server] Tick 8200 | Players: 0 | Chunks: 0
2026-02-22T01:29:38: [Server] Tick 8400 | Players: 0 | Chunks: 0
2026-02-22T01:29:50: [Server] Tick 8600 | Players: 0 | Chunks: 0
2026-02-22T01:30:02: [Server] Tick 8800 | Players: 0 | Chunks: 0
2026-02-22T01:30:14: [Server] Tick 9000 | Players: 0 | Chunks: 0
2026-02-22T01:30:27: [Server] Tick 9200 | Players: 0 | Chunks: 0
2026-02-22T01:30:39: [Server] Tick 9400 | Players: 0 | Chunks: 0
2026-02-22T01:30:51: [Server] Tick 9600 | Players: 0 | Chunks: 0
2026-02-22T01:31:05: [Server] Tick 9800 | Players: 0 | Chunks: 0
2026-02-22T01:31:18: [Server] Tick 10000 | Players: 0 | Chunks: 0
2026-02-22T01:31:30: [Server] Tick 10200 | Players: 0 | Chunks: 0
2026-02-22T01:31:42: [Server] Tick 10400 | Players: 0 | Chunks: 0
2026-02-22T01:31:55: [Server] Tick 10600 | Players: 0 | Chunks: 0
2026-02-22T01:32:07: [Server] Tick 10800 | Players: 0 | Chunks: 0
2026-02-22T01:32:20: [Server] Tick 11000 | Players: 0 | Chunks: 0
2026-02-22T01:32:32: [Server] Tick 11200 | Players: 0 | Chunks: 0
2026-02-22T01:32:45: [Server] Tick 11400 | Players: 0 | Chunks: 0
2026-02-22T01:32:57: [Server] Tick 11600 | Players: 0 | Chunks: 0
2026-02-22T01:33:09: [Server] Tick 11800 | Players: 0 | Chunks: 0
2026-02-22T01:33:22: [Server] Tick 12000 | Players: 0 | Chunks: 0
2026-02-22T01:33:34: [Server] Tick 12200 | Players: 0 | Chunks: 0
2026-02-22T01:33:47: [Server] Tick 12400 | Players: 0 | Chunks: 0
2026-02-22T01:33:59: [Server] Tick 12600 | Players: 0 | Chunks: 0
2026-02-22T01:34:11: [Server] Tick 12800 | Players: 0 | Chunks: 0
2026-02-22T01:34:24: [Server] Tick 13000 | Players: 0 | Chunks: 0
2026-02-22T01:34:36: [Server] Tick 13200 | Players: 0 | Chunks: 0
2026-02-22T01:34:49: [Server] Tick 13400 | Players: 0 | Chunks: 0
2026-02-22T01:35:01: [Server] Tick 13600 | Players: 0 | Chunks: 0
2026-02-22T01:35:13: [Server] Tick 13800 | Players: 0 | Chunks: 0
2026-02-22T01:35:26: [Server] Tick 14000 | Players: 0 | Chunks: 0
2026-02-22T01:35:38: [Server] Tick 14200 | Players: 0 | Chunks: 0
2026-02-22T01:35:50: [Server] Tick 14400 | Players: 0 | Chunks: 0
2026-02-22T01:36:02: [Server] Tick 14600 | Players: 0 | Chunks: 0
2026-02-22T01:36:15: [Server] Tick 14800 | Players: 0 | Chunks: 0
2026-02-22T01:36:27: [Server] Tick 15000 | Players: 0 | Chunks: 0
2026-02-22T01:36:40: [Server] Tick 15200 | Players: 0 | Chunks: 0
2026-02-22T01:36:52: [Server] Tick 15400 | Players: 0 | Chunks: 0
2026-02-22T01:37:04: [Server] Tick 15600 | Players: 0 | Chunks: 0
2026-02-22T01:37:17: [Server] Tick 15800 | Players: 0 | Chunks: 0
2026-02-22T01:37:29: [Server] Tick 16000 | Players: 0 | Chunks: 0
2026-02-22T01:37:41: [Server] Tick 16200 | Players: 0 | Chunks: 0
2026-02-22T01:37:54: [Server] Tick 16400 | Players: 0 | Chunks: 0
2026-02-22T01:38:06: [Server] Tick 16600 | Players: 0 | Chunks: 0
2026-02-22T01:38:19: [Server] Tick 16800 | Players: 0 | Chunks: 0
2026-02-22T01:38:31: [Server] Tick 17000 | Players: 0 | Chunks: 0
2026-02-22T01:38:44: [Server] Tick 17200 | Players: 0 | Chunks: 0
2026-02-22T01:38:56: [Server] Tick 17400 | Players: 0 | Chunks: 0
2026-02-22T01:39:08: [Server] Tick 17600 | Players: 0 | Chunks: 0
2026-02-22T01:39:21: [Server] Tick 17800 | Players: 0 | Chunks: 0
2026-02-22T01:39:33: [Server] Tick 18000 | Players: 0 | Chunks: 0
2026-02-22T01:39:45: [Server] Tick 18200 | Players: 0 | Chunks: 0
2026-02-22T01:39:58: [Server] Tick 18400 | Players: 0 | Chunks: 0
2026-02-22T01:40:10: [Server] Tick 18600 | Players: 0 | Chunks: 0
2026-02-22T01:40:23: [Server] Tick 18800 | Players: 0 | Chunks: 0
2026-02-22T01:40:35: [Server] Tick 19000 | Players: 0 | Chunks: 0
2026-02-22T01:40:47: [Server] Tick 19200 | Players: 0 | Chunks: 0
2026-02-22T01:41:00: [Server] Tick 19400 | Players: 0 | Chunks: 0
2026-02-22T01:41:12: [Server] Tick 19600 | Players: 0 | Chunks: 0
2026-02-22T01:41:25: [Server] Tick 19800 | Players: 0 | Chunks: 0
2026-02-22T01:41:37: [Server] Tick 20000 | Players: 0 | Chunks: 0
2026-02-22T01:41:50: [Server] Tick 20200 | Players: 0 | Chunks: 0
2026-02-22T01:42:02: [Server] Tick 20400 | Players: 0 | Chunks: 0
2026-02-22T01:42:14: [Server] Tick 20600 | Players: 0 | Chunks: 0
2026-02-22T01:42:27: [Server] Tick 20800 | Players: 0 | Chunks: 0
2026-02-22T01:42:39: [Server] Tick 21000 | Players: 0 | Chunks: 0
2026-02-22T01:42:52: [Server] Tick 21200 | Players: 0 | Chunks: 0
2026-02-22T01:43:04: [Server] Tick 21400 | Players: 0 | Chunks: 0
2026-02-22T01:43:16: [Server] Tick 21600 | Players: 0 | Chunks: 0
2026-02-22T01:43:28: [Server] Tick 21800 | Players: 0 | Chunks: 0
2026-02-22T01:43:41: [Server] Tick 22000 | Players: 0 | Chunks: 0
2026-02-22T01:43:53: [Server] Tick 22200 | Players: 0 | Chunks: 0
2026-02-22T01:44:06: [Server] Tick 22400 | Players: 0 | Chunks: 0
2026-02-22T01:44:18: [Server] Tick 22600 | Players: 0 | Chunks: 0
2026-02-22T01:44:30: [Server] Tick 22800 | Players: 0 | Chunks: 0
2026-02-22T01:44:43: [Server] Tick 23000 | Players: 0 | Chunks: 0
2026-02-22T01:44:55: [Server] Tick 23200 | Players: 0 | Chunks: 0
2026-02-22T01:45:08: [Server] Tick 23400 | Players: 0 | Chunks: 0
2026-02-22T01:45:20: [Server] Tick 23600 | Players: 0 | Chunks: 0
2026-02-22T01:45:32: [Server] Tick 23800 | Players: 0 | Chunks: 0
2026-02-22T01:45:45: [Server] Tick 24000 | Players: 0 | Chunks: 0
2026-02-22T01:45:57: [Server] Tick 24200 | Players: 0 | Chunks: 0
2026-02-22T01:46:10: [Server] Tick 24400 | Players: 0 | Chunks: 0
2026-02-22T01:46:22: [Server] Tick 24600 | Players: 0 | Chunks: 0
2026-02-22T01:46:34: [Server] Tick 24800 | Players: 0 | Chunks: 0
2026-02-22T01:46:47: [Server] Tick 25000 | Players: 0 | Chunks: 0
2026-02-22T01:46:59: [Server] Tick 25200 | Players: 0 | Chunks: 0
2026-02-22T01:47:12: [Server] Tick 25400 | Players: 0 | Chunks: 0
2026-02-22T01:47:24: [Server] Tick 25600 | Players: 0 | Chunks: 0
2026-02-22T01:47:36: [Server] Tick 25800 | Players: 0 | Chunks: 0
2026-02-22T01:47:49: [Server] Tick 26000 | Players: 0 | Chunks: 0
2026-02-22T01:48:01: [Server] Tick 26200 | Players: 0 | Chunks: 0
2026-02-22T01:48:14: [Server] Tick 26400 | Players: 0 | Chunks: 0
2026-02-22T01:48:26: [Server] Tick 26600 | Players: 0 | Chunks: 0
2026-02-22T01:48:39: [Server] Tick 26800 | Players: 0 | Chunks: 0
2026-02-22T01:48:51: [Server] Tick 27000 | Players: 0 | Chunks: 0
2026-02-22T01:49:03: [Server] Tick 27200 | Players: 0 | Chunks: 0
2026-02-22T01:49:16: [Server] Tick 27400 | Players: 0 | Chunks: 0
2026-02-22T01:49:28: [Server] Tick 27600 | Players: 0 | Chunks: 0
2026-02-22T01:49:40: [Server] Tick 27800 | Players: 0 | Chunks: 0
2026-02-22T01:49:53: [Server] Tick 28000 | Players: 0 | Chunks: 0
2026-02-22T01:50:05: [Server] Tick 28200 | Players: 0 | Chunks: 0
2026-02-22T01:50:17: [Server] Tick 28400 | Players: 0 | Chunks: 0
2026-02-22T01:50:30: [Server] Tick 28600 | Players: 0 | Chunks: 0
2026-02-22T01:50:42: [Server] Tick 28800 | Players: 0 | Chunks: 0
2026-02-22T01:50:54: [Server] Tick 29000 | Players: 0 | Chunks: 0
2026-02-22T01:51:07: [Server] Tick 29200 | Players: 0 | Chunks: 0
2026-02-22T01:51:19: [Server] Tick 29400 | Players: 0 | Chunks: 0
2026-02-22T01:51:31: [Server] Tick 29600 | Players: 0 | Chunks: 0
2026-02-22T01:51:43: [Server] Tick 29800 | Players: 0 | Chunks: 0
2026-02-22T01:51:56: [Server] Tick 30000 | Players: 0 | Chunks: 0
2026-02-22T01:52:08: [Server] Tick 30200 | Players: 0 | Chunks: 0
2026-02-22T01:52:20: [Server] Tick 30400 | Players: 0 | Chunks: 0
2026-02-22T01:52:38: [Server] Tick 30600 | Players: 0 | Chunks: 0
2026-02-22T01:52:54: [Server] Tick 30800 | Players: 0 | Chunks: 0
2026-02-22T01:53:06: [Server] Tick 31000 | Players: 0 | Chunks: 0
2026-02-22T01:53:19: [Server] Tick 31200 | Players: 0 | Chunks: 0
2026-02-22T01:53:31: [Server] Tick 31400 | Players: 0 | Chunks: 0
2026-02-22T01:53:43: [Server] Tick 31600 | Players: 0 | Chunks: 0
2026-02-22T01:53:56: [Server] Tick 31800 | Players: 0 | Chunks: 0
2026-02-22T01:54:08: [Server] Tick 32000 | Players: 0 | Chunks: 0
2026-02-22T01:54:21: [Server] Tick 32200 | Players: 0 | Chunks: 0
2026-02-22T01:54:34: [Server] Tick 32400 | Players: 0 | Chunks: 0
2026-02-22T01:54:46: [Server] Tick 32600 | Players: 0 | Chunks: 0
2026-02-22T01:54:58: [Server] Tick 32800 | Players: 0 | Chunks: 0
2026-02-22T01:55:10: [Server] Tick 33000 | Players: 0 | Chunks: 0
2026-02-22T01:55:23: [Server] Tick 33200 | Players: 0 | Chunks: 0
2026-02-22T01:55:35: [Server] Tick 33400 | Players: 0 | Chunks: 0
2026-02-22T01:55:46: [Grudge Voxel Server] Starting on port 3000...
2026-02-22T01:55:46: [Grudge Voxel Server] World seed: 42069
2026-02-22T01:55:46: [Grudge Voxel Server] Tick rate: 20 tps
2026-02-22T01:55:46: [Grudge Voxel Server] Ready! Listening on ws://localhost:3000
2026-02-22T01:55:59: [Server] Tick 200 | Players: 0 | Chunks: 0
2026-02-22T01:56:11: [Server] Tick 400 | Players: 0 | Chunks: 0
2026-02-22T01:56:23: [Server] Tick 600 | Players: 0 | Chunks: 0
2026-02-22T01:56:36: [Server] Tick 800 | Players: 0 | Chunks: 0
2026-02-22T01:56:48: [Server] Tick 1000 | Players: 0 | Chunks: 0
2026-02-22T01:57:00: [Server] Tick 1200 | Players: 0 | Chunks: 0
2026-02-22T01:57:12: [Server] Tick 1400 | Players: 0 | Chunks: 0
2026-02-22T01:57:25: [Server] Tick 1600 | Players: 0 | Chunks: 0
2026-02-22T01:57:37: [Server] Tick 1800 | Players: 0 | Chunks: 0
2026-02-22T01:57:49: [Server] Tick 2000 | Players: 0 | Chunks: 0
2026-02-22T01:58:01: [Server] Tick 2200 | Players: 0 | Chunks: 0
2026-02-22T01:58:14: [Server] Tick 2400 | Players: 0 | Chunks: 0
2026-02-22T01:58:26: [Server] Tick 2600 | Players: 0 | Chunks: 0
2026-02-22T01:58:38: [Server] Tick 2800 | Players: 0 | Chunks: 0
2026-02-22T01:58:51: [Server] Tick 3000 | Players: 0 | Chunks: 0
2026-02-22T01:59:03: [Server] Tick 3200 | Players: 0 | Chunks: 0
2026-02-22T01:59:15: [Server] Tick 3400 | Players: 0 | Chunks: 0
2026-02-22T01:59:27: [Server] Tick 3600 | Players: 0 | Chunks: 0
2026-02-22T01:59:40: [Server] Tick 3800 | Players: 0 | Chunks: 0
2026-02-22T01:59:52: [Server] Tick 4000 | Players: 0 | Chunks: 0
2026-02-22T02:00:04: [Server] Tick 4200 | Players: 0 | Chunks: 0
2026-02-22T02:00:17: [Server] Tick 4400 | Players: 0 | Chunks: 0
2026-02-22T02:00:29: [Server] Tick 4600 | Players: 0 | Chunks: 0
2026-02-22T02:00:41: [Server] Tick 4800 | Players: 0 | Chunks: 0
2026-02-22T02:00:54: [Server] Tick 5000 | Players: 0 | Chunks: 0
2026-02-22T02:01:06: [Server] Tick 5200 | Players: 0 | Chunks: 0
2026-02-22T02:01:19: [Server] Tick 5400 | Players: 0 | Chunks: 0
2026-02-22T02:01:31: [Server] Tick 5600 | Players: 0 | Chunks: 0
2026-02-22T02:01:43: [Server] Tick 5800 | Players: 0 | Chunks: 0
2026-02-22T02:01:56: [Server] Tick 6000 | Players: 0 | Chunks: 0
2026-02-22T02:02:08: [Server] Tick 6200 | Players: 0 | Chunks: 0
2026-02-22T02:02:20: [Server] Tick 6400 | Players: 0 | Chunks: 0
2026-02-22T02:02:33: [Server] Tick 6600 | Players: 0 | Chunks: 0
2026-02-22T02:02:45: [Server] Tick 6800 | Players: 0 | Chunks: 0
2026-02-22T02:02:57: [Server] Tick 7000 | Players: 0 | Chunks: 0
2026-02-22T02:03:09: [Server] Tick 7200 | Players: 0 | Chunks: 0
2026-02-22T02:03:22: [Server] Tick 7400 | Players: 0 | Chunks: 0
2026-02-22T02:03:34: [Server] Tick 7600 | Players: 0 | Chunks: 0
2026-02-22T02:03:47: [Server] Tick 7800 | Players: 0 | Chunks: 0
2026-02-22T02:03:59: [Server] Tick 8000 | Players: 0 | Chunks: 0
2026-02-22T02:04:11: [Server] Tick 8200 | Players: 0 | Chunks: 0
2026-02-22T02:04:24: [Server] Tick 8400 | Players: 0 | Chunks: 0
2026-02-22T02:04:36: [Server] Tick 8600 | Players: 0 | Chunks: 0
2026-02-22T02:04:48: [Server] Tick 8800 | Players: 0 | Chunks: 0
2026-02-22T02:05:01: [Server] Tick 9000 | Players: 0 | Chunks: 0
2026-02-22T02:05:13: [Server] Tick 9200 | Players: 0 | Chunks: 0
2026-02-22T02:05:25: [Server] Tick 9400 | Players: 0 | Chunks: 0
2026-02-22T02:05:38: [Server] Tick 9600 | Players: 0 | Chunks: 0
2026-02-22T02:05:50: [Server] Tick 9800 | Players: 0 | Chunks: 0
2026-02-22T02:06:02: [Server] Tick 10000 | Players: 0 | Chunks: 0
2026-02-22T02:06:15: [Server] Tick 10200 | Players: 0 | Chunks: 0
2026-02-22T02:06:27: [Server] Tick 10400 | Players: 0 | Chunks: 0
2026-02-22T02:06:39: [Server] Tick 10600 | Players: 0 | Chunks: 0
2026-02-22T02:06:52: [Server] Tick 10800 | Players: 0 | Chunks: 0
2026-02-22T02:07:04: [Server] Tick 11000 | Players: 0 | Chunks: 0
2026-02-22T02:07:16: [Server] Tick 11200 | Players: 0 | Chunks: 0
2026-02-22T02:07:29: [Server] Tick 11400 | Players: 0 | Chunks: 0
2026-02-22T02:07:41: [Server] Tick 11600 | Players: 0 | Chunks: 0
2026-02-22T02:07:53: [Server] Tick 11800 | Players: 0 | Chunks: 0
2026-02-22T02:08:06: [Server] Tick 12000 | Players: 0 | Chunks: 0
2026-02-22T02:08:18: [Server] Tick 12200 | Players: 0 | Chunks: 0
2026-02-22T02:08:31: [Server] Tick 12400 | Players: 0 | Chunks: 0
2026-02-22T02:08:43: [Server] Tick 12600 | Players: 0 | Chunks: 0
2026-02-22T02:08:55: [Server] Tick 12800 | Players: 0 | Chunks: 0
2026-02-22T02:09:08: [Server] Tick 13000 | Players: 0 | Chunks: 0
2026-02-22T02:09:20: [Server] Tick 13200 | Players: 0 | Chunks: 0
2026-02-22T02:09:32: [Server] Tick 13400 | Players: 0 | Chunks: 0
2026-02-22T02:09:45: [Server] Tick 13600 | Players: 0 | Chunks: 0
2026-02-22T02:09:57: [Server] Tick 13800 | Players: 0 | Chunks: 0
2026-02-22T02:10:09: [Server] Tick 14000 | Players: 0 | Chunks: 0
2026-02-22T02:10:22: [Server] Tick 14200 | Players: 0 | Chunks: 0
2026-02-22T02:10:34: [Server] Tick 14400 | Players: 0 | Chunks: 0
2026-02-22T02:10:46: [Server] Tick 14600 | Players: 0 | Chunks: 0
2026-02-22T02:10:59: [Server] Tick 14800 | Players: 0 | Chunks: 0
2026-02-22T02:11:11: [Server] Tick 15000 | Players: 0 | Chunks: 0
2026-02-22T02:11:24: [Server] Tick 15200 | Players: 0 | Chunks: 0
2026-02-22T02:11:36: [Server] Tick 15400 | Players: 0 | Chunks: 0
2026-02-22T02:11:48: [Server] Tick 15600 | Players: 0 | Chunks: 0
2026-02-22T02:12:01: [Server] Tick 15800 | Players: 0 | Chunks: 0
2026-02-22T02:12:13: [Server] Tick 16000 | Players: 0 | Chunks: 0
2026-02-22T02:12:25: [Server] Tick 16200 | Players: 0 | Chunks: 0
2026-02-22T02:12:37: [Server] Tick 16400 | Players: 0 | Chunks: 0
2026-02-22T02:12:50: [Server] Tick 16600 | Players: 0 | Chunks: 0
2026-02-22T02:13:02: [Server] Tick 16800 | Players: 0 | Chunks: 0
2026-02-22T02:13:14: [Server] Tick 17000 | Players: 0 | Chunks: 0
2026-02-22T02:13:27: [Server] Tick 17200 | Players: 0 | Chunks: 0
2026-02-22T02:13:39: [Server] Tick 17400 | Players: 0 | Chunks: 0
2026-02-22T02:13:51: [Server] Tick 17600 | Players: 0 | Chunks: 0
2026-02-22T02:14:04: [Server] Tick 17800 | Players: 0 | Chunks: 0
2026-02-22T02:14:16: [Server] Tick 18000 | Players: 0 | Chunks: 0
2026-02-22T02:14:29: [Server] Tick 18200 | Players: 0 | Chunks: 0
2026-02-22T02:14:41: [Server] Tick 18400 | Players: 0 | Chunks: 0
2026-02-22T02:14:53: [Server] Tick 18600 | Players: 0 | Chunks: 0
2026-02-22T02:15:06: [Server] Tick 18800 | Players: 0 | Chunks: 0
2026-02-22T02:15:18: [Server] Tick 19000 | Players: 0 | Chunks: 0
2026-02-22T02:15:30: [Server] Tick 19200 | Players: 0 | Chunks: 0
2026-02-22T02:15:43: [Server] Tick 19400 | Players: 0 | Chunks: 0
2026-02-22T02:15:55: [Server] Tick 19600 | Players: 0 | Chunks: 0
2026-02-22T02:16:07: [Server] Tick 19800 | Players: 0 | Chunks: 0
2026-02-22T02:16:20: [Server] Tick 20000 | Players: 0 | Chunks: 0
2026-02-22T02:16:32: [Server] Tick 20200 | Players: 0 | Chunks: 0
2026-02-22T02:16:44: [Server] Tick 20400 | Players: 0 | Chunks: 0
2026-02-22T02:16:57: [Server] Tick 20600 | Players: 0 | Chunks: 0
2026-02-22T02:17:09: [Server] Tick 20800 | Players: 0 | Chunks: 0
2026-02-22T02:17:21: [Server] Tick 21000 | Players: 0 | Chunks: 0
2026-02-22T02:17:34: [Server] Tick 21200 | Players: 0 | Chunks: 0
2026-02-22T02:17:46: [Server] Tick 21400 | Players: 0 | Chunks: 0
2026-02-22T02:17:58: [Server] Tick 21600 | Players: 0 | Chunks: 0
2026-02-22T02:18:11: [Server] Tick 21800 | Players: 0 | Chunks: 0
2026-02-22T02:18:23: [Server] Tick 22000 | Players: 0 | Chunks: 0
2026-02-22T02:18:35: [Server] Tick 22200 | Players: 0 | Chunks: 0
2026-02-22T02:18:48: [Server] Tick 22400 | Players: 0 | Chunks: 0
2026-02-22T02:19:00: [Server] Tick 22600 | Players: 0 | Chunks: 0
2026-02-22T02:19:05: [Server] Player connected: c9ec3866-2fb6-4af2-a587-2b4b158ffffd
2026-02-22T02:19:05: [Server] Player identified: Guest_czip
2026-02-22T02:19:15: [Server] Tick 22800 | Players: 1 | Chunks: 441
2026-02-22T02:19:27: [Server] Tick 23000 | Players: 1 | Chunks: 441
2026-02-22T02:19:39: [Server] Tick 23200 | Players: 1 | Chunks: 441
2026-02-22T02:19:51: [Server] Tick 23400 | Players: 1 | Chunks: 441
2026-02-22T02:20:03: [Server] Tick 23600 | Players: 1 | Chunks: 441
2026-02-22T02:20:15: [Server] Tick 23800 | Players: 1 | Chunks: 441
2026-02-22T02:20:27: [Server] Tick 24000 | Players: 1 | Chunks: 441
2026-02-22T02:20:39: [Server] Tick 24200 | Players: 1 | Chunks: 441
2026-02-22T02:20:51: [Server] Tick 24400 | Players: 1 | Chunks: 441
2026-02-22T02:21:03: [Server] Tick 24600 | Players: 1 | Chunks: 441
2026-02-22T02:21:16: [Server] Tick 24800 | Players: 1 | Chunks: 441
2026-02-22T02:21:28: [Server] Tick 25000 | Players: 1 | Chunks: 441
2026-02-22T02:21:39: [Server] Tick 25200 | Players: 1 | Chunks: 441
2026-02-22T02:21:51: [Server] Tick 25400 | Players: 1 | Chunks: 441
2026-02-22T02:22:03: [Server] Tick 25600 | Players: 1 | Chunks: 441
2026-02-22T02:22:15: [Server] Tick 25800 | Players: 1 | Chunks: 441
2026-02-22T02:22:27: [Server] Tick 26000 | Players: 1 | Chunks: 441
2026-02-22T02:22:39: [Server] Tick 26200 | Players: 1 | Chunks: 441
2026-02-22T02:22:51: [Server] Tick 26400 | Players: 1 | Chunks: 441
2026-02-22T02:23:04: [Server] Tick 26600 | Players: 1 | Chunks: 441
2026-02-22T02:23:16: [Server] Tick 26800 | Players: 1 | Chunks: 441
2026-02-22T02:23:28: [Server] Tick 27000 | Players: 1 | Chunks: 441
2026-02-22T02:23:41: [Server] Tick 27200 | Players: 1 | Chunks: 441
2026-02-22T02:23:53: [Server] Tick 27400 | Players: 1 | Chunks: 441
2026-02-22T02:24:05: [Server] Tick 27600 | Players: 1 | Chunks: 441
2026-02-22T02:24:18: [Server] Tick 27800 | Players: 1 | Chunks: 441
2026-02-22T02:24:30: [Server] Tick 28000 | Players: 1 | Chunks: 441
2026-02-22T02:24:43: [Server] Tick 28200 | Players: 1 | Chunks: 441
2026-02-22T02:24:55: [Server] Tick 28400 | Players: 1 | Chunks: 441
2026-02-22T02:25:07: [Server] Tick 28600 | Players: 1 | Chunks: 441
2026-02-22T02:25:20: [Server] Tick 28800 | Players: 1 | Chunks: 441
2026-02-22T02:25:32: [Server] Tick 29000 | Players: 1 | Chunks: 441
